<?xml version="1.0" encoding="UTF-8"?>
<!-- Generated by org.testng.reporters.JUnitReportReporter -->
<testsuite skipped="1" hostname="chaitanya" name="MainTestcase.Saplingtest" tests="2" failures="0" timestamp="27 Mar 2019 10:45:30 GMT" time="32.609" errors="0">
  <testcase name="Test2" time="32.609" classname="MainTestcase.Saplingtest"/>
  <testcase name="Test" classname="MainTestcase.Saplingtest">
    <skipped/>
  </testcase> <!-- Test -->
</testsuite> <!-- MainTestcase.Saplingtest -->
