<?xml version="1.0" encoding="UTF-8"?>
<!-- Generated by org.testng.reporters.JUnitReportReporter -->
<testsuite skipped="0" hostname="CHAITANYA" name="MainTestcase.PetClinicTest" tests="2" failures="0" timestamp="30 Dec 2018 16:23:00 GMT" time="28.545" errors="0">
  <testcase name="Test1" time="20.549" classname="MainTestcase.PetClinicTest"/>
  <testcase name="Test2" time="7.996" classname="MainTestcase.PetClinicTest"/>
</testsuite> <!-- MainTestcase.PetClinicTest -->
