<?xml version="1.0" encoding="UTF-8"?>
<!-- Generated by org.testng.reporters.JUnitReportReporter -->
<testsuite skipped="0" hostname="CHAITANYA" name="MainTestcase.AppTest" tests="2" failures="0" timestamp="28 Aug 2018 04:45:14 GMT" time="126.115" errors="0">
  <testcase name="Usercreation" time="76.411" classname="MainTestcase.AppTest"/>
  <testcase name="Empcreation" time="49.704" classname="MainTestcase.AppTest"/>
</testsuite> <!-- MainTestcase.AppTest -->
