<?xml version="1.0" encoding="UTF-8"?>
<!-- Generated by org.testng.reporters.JUnitReportReporter -->
<testsuite skipped="2" hostname="chaitanya" name="MainTestcase.Saplingtest" tests="3" failures="0" timestamp="24 Apr 2019 05:58:50 GMT" time="14.099" errors="0">
  <testcase name="Test1" time="14.099" classname="MainTestcase.Saplingtest"/>
  <testcase name="Test" classname="MainTestcase.Saplingtest">
    <skipped/>
  </testcase> <!-- Test -->
  <testcase name="Test2" classname="MainTestcase.Saplingtest">
    <skipped/>
  </testcase> <!-- Test2 -->
</testsuite> <!-- MainTestcase.Saplingtest -->
