<?xml version="1.0" encoding="UTF-8"?>
<!-- Generated by org.testng.reporters.JUnitReportReporter -->
<testsuite skipped="2" hostname="chaitanya" name="MainTestcase.PetClinicTest" tests="3" failures="0" timestamp="11 Mar 2019 10:16:27 GMT" time="1096.356" errors="0">
  <testcase name="Test3" time="1096.356" classname="MainTestcase.PetClinicTest"/>
  <testcase name="Test2" classname="MainTestcase.PetClinicTest">
    <skipped/>
  </testcase> <!-- Test2 -->
  <testcase name="Test1" classname="MainTestcase.PetClinicTest">
    <skipped/>
  </testcase> <!-- Test1 -->
</testsuite> <!-- MainTestcase.PetClinicTest -->
